<?xml version="1.0" encoding="UTF-8"?>
<testsuite name="accounts.controller.AccountControllerTest" tests="2" skipped="0" failures="0" errors="0" timestamp="2024-04-21T16:37:11" hostname="MASH-PF4D8NPZ" time="2.212">
  <properties/>
  <testcase name="updateAccountWithSuccess()" classname="accounts.controller.AccountControllerTest" time="2.193"/>
  <testcase name="createAccountWithSuccess()" classname="accounts.controller.AccountControllerTest" time="0.014"/>
  <system-out><![CDATA[21:37:14.099 [Test worker] INFO com.midas.app.controllers.AccountController -- Creating account for user with email: null
]]></system-out>
  <system-err><![CDATA[WARNING: A Java agent has been loaded dynamically (C:\Users\ZarnabM\.gradle\caches\modules-2\files-2.1\net.bytebuddy\byte-buddy-agent\1.14.11\f9cb566608fbac6bc7bf54901a7aa11543a989ee\byte-buddy-agent-1.14.11.jar)
WARNING: If a serviceability tool is in use, please run with -XX:+EnableDynamicAgentLoading to hide this warning
WARNING: If a serviceability tool is not in use, please run with -Djdk.instrument.traceUsage for more information
WARNING: Dynamic loading of agents will be disallowed by default in a future release
]]></system-err>
</testsuite>
